This is pdfTeX, Version 3.14159265-2.6-1.40.15 (TeX Live 2014) (preloaded format=pdflatex 2014.5.25)  18 APR 2015 21:50
entering extended mode
 restricted \write18 enabled.
 file:line:error style messages enabled.
 %&-line parsing enabled.
**"Computation of Vortex Sheet .tex"
(./Computation of Vortex Sheet .tex
LaTeX2e <2014/05/01>
Babel <3.9k> and hyphenation patterns for 78 languages loaded.
(/usr/local/texlive/2014/texmf-dist/tex/latex/base/article.cls
Document Class: article 2007/10/19 v1.4h Standard LaTeX document class
(/usr/local/texlive/2014/texmf-dist/tex/latex/base/size12.clo
File: size12.clo 2007/10/19 v1.4h Standard LaTeX file (size option)
)
\c@part=\count79
\c@section=\count80
\c@subsection=\count81
\c@subsubsection=\count82
\c@paragraph=\count83
\c@subparagraph=\count84
\c@figure=\count85
\c@table=\count86
\abovecaptionskip=\skip41
\belowcaptionskip=\skip42
\bibindent=\dimen102
)
(/usr/local/texlive/2014/texmf-dist/tex/latex/graphics/graphicx.sty
Package: graphicx 2014/04/25 v1.0g Enhanced LaTeX Graphics (DPC,SPQR)

(/usr/local/texlive/2014/texmf-dist/tex/latex/graphics/keyval.sty
Package: keyval 2014/05/08 v1.15 key=value parser (DPC)
\KV@toks@=\toks14
)
(/usr/local/texlive/2014/texmf-dist/tex/latex/graphics/graphics.sty
Package: graphics 2009/02/05 v1.0o Standard LaTeX Graphics (DPC,SPQR)

(/usr/local/texlive/2014/texmf-dist/tex/latex/graphics/trig.sty
Package: trig 1999/03/16 v1.09 sin cos tan (DPC)
)
(/usr/local/texlive/2014/texmf-dist/tex/latex/latexconfig/graphics.cfg
File: graphics.cfg 2010/04/23 v1.9 graphics configuration of TeX Live
)
Package graphics Info: Driver file: pdftex.def on input line 91.

(/usr/local/texlive/2014/texmf-dist/tex/latex/pdftex-def/pdftex.def
File: pdftex.def 2011/05/27 v0.06d Graphics/color for pdfTeX

(/usr/local/texlive/2014/texmf-dist/tex/generic/oberdiek/infwarerr.sty
Package: infwarerr 2010/04/08 v1.3 Providing info/warning/error messages (HO)
)
(/usr/local/texlive/2014/texmf-dist/tex/generic/oberdiek/ltxcmds.sty
Package: ltxcmds 2011/11/09 v1.22 LaTeX kernel commands for general use (HO)
)
\Gread@gobject=\count87
))
\Gin@req@height=\dimen103
\Gin@req@width=\dimen104
)
(/usr/local/texlive/2014/texmf-dist/tex/latex/amsmath/amsmath.sty
Package: amsmath 2013/01/14 v2.14 AMS math features
\@mathmargin=\skip43

For additional information on amsmath, use the `?' option.
(/usr/local/texlive/2014/texmf-dist/tex/latex/amsmath/amstext.sty
Package: amstext 2000/06/29 v2.01

(/usr/local/texlive/2014/texmf-dist/tex/latex/amsmath/amsgen.sty
File: amsgen.sty 1999/11/30 v2.0
\@emptytoks=\toks15
\ex@=\dimen105
))
(/usr/local/texlive/2014/texmf-dist/tex/latex/amsmath/amsbsy.sty
Package: amsbsy 1999/11/29 v1.2d
\pmbraise@=\dimen106
)
(/usr/local/texlive/2014/texmf-dist/tex/latex/amsmath/amsopn.sty
Package: amsopn 1999/12/14 v2.01 operator names
)
\inf@bad=\count88
LaTeX Info: Redefining \frac on input line 210.
\uproot@=\count89
\leftroot@=\count90
LaTeX Info: Redefining \overline on input line 306.
\classnum@=\count91
\DOTSCASE@=\count92
LaTeX Info: Redefining \ldots on input line 378.
LaTeX Info: Redefining \dots on input line 381.
LaTeX Info: Redefining \cdots on input line 466.
\Mathstrutbox@=\box26
\strutbox@=\box27
\big@size=\dimen107
LaTeX Font Info:    Redeclaring font encoding OML on input line 566.
LaTeX Font Info:    Redeclaring font encoding OMS on input line 567.
\macc@depth=\count93
\c@MaxMatrixCols=\count94
\dotsspace@=\muskip10
\c@parentequation=\count95
\dspbrk@lvl=\count96
\tag@help=\toks16
\row@=\count97
\column@=\count98
\maxfields@=\count99
\andhelp@=\toks17
\eqnshift@=\dimen108
\alignsep@=\dimen109
\tagshift@=\dimen110
\tagwidth@=\dimen111
\totwidth@=\dimen112
\lineht@=\dimen113
\@envbody=\toks18
\multlinegap=\skip44
\multlinetaggap=\skip45
\mathdisplay@stack=\toks19
LaTeX Info: Redefining \[ on input line 2665.
LaTeX Info: Redefining \] on input line 2666.
)
(/usr/local/texlive/2014/texmf-dist/tex/latex/amsfonts/amssymb.sty
Package: amssymb 2013/01/14 v3.01 AMS font symbols

(/usr/local/texlive/2014/texmf-dist/tex/latex/amsfonts/amsfonts.sty
Package: amsfonts 2013/01/14 v3.01 Basic AMSFonts support
\symAMSa=\mathgroup4
\symAMSb=\mathgroup5
LaTeX Font Info:    Overwriting math alphabet `\mathfrak' in version `bold'
(Font)                  U/euf/m/n --> U/euf/b/n on input line 106.
))
(/usr/local/texlive/2014/texmf-dist/tex/latex/sttools/floatpag.sty
Package: floatpag 2012/05/29 v1.1 Different pagestyles on float pages
Package: floatpag 1999/04/29 FLOAT PAGESTYLE
)
(/usr/local/texlive/2014/texmf-dist/tex/latex/subeqnarray/subeqnarray.sty
Package: subeqnarray 2004/04/15 v2.1c subeqnarray package
\c@subequation=\count100
)
(/usr/local/texlive/2014/texmf-dist/tex/latex/jknapltx/mathrsfs.sty
Package: mathrsfs 1996/01/01 Math RSFS package v1.0 (jk)
\symrsfs=\mathgroup6
)
(/usr/local/texlive/2014/texmf-dist/tex/latex/cancel/cancel.sty
Package: cancel 2013/04/12 v2.2 Cancel math terms
)
(./Computation of Vortex Sheet .aux

LaTeX Warning: Label `sw2' multiply defined.

)
\openout1 = `"Computation of Vortex Sheet .aux"'.

LaTeX Font Info:    Checking defaults for OML/cmm/m/it on input line 70.
LaTeX Font Info:    ... okay on input line 70.
LaTeX Font Info:    Checking defaults for T1/cmr/m/n on input line 70.
LaTeX Font Info:    ... okay on input line 70.
LaTeX Font Info:    Checking defaults for OT1/cmr/m/n on input line 70.
LaTeX Font Info:    ... okay on input line 70.
LaTeX Font Info:    Checking defaults for OMS/cmsy/m/n on input line 70.
LaTeX Font Info:    ... okay on input line 70.
LaTeX Font Info:    Checking defaults for OMX/cmex/m/n on input line 70.
LaTeX Font Info:    ... okay on input line 70.
LaTeX Font Info:    Checking defaults for U/cmr/m/n on input line 70.
LaTeX Font Info:    ... okay on input line 70.
 (/usr/local/texlive/2014/texmf-dist/tex/context/base/supp-pdf.mkii
[Loading MPS to PDF converter (version 2006.09.02).]
\scratchcounter=\count101
\scratchdimen=\dimen114
\scratchbox=\box28
\nofMPsegments=\count102
\nofMParguments=\count103
\everyMPshowfont=\toks20
\MPscratchCnt=\count104
\MPscratchDim=\dimen115
\MPnumerator=\count105
\makeMPintoPDFobject=\count106
\everyMPtoPDFconversion=\toks21
) (/usr/local/texlive/2014/texmf-dist/tex/generic/oberdiek/pdftexcmds.sty
Package: pdftexcmds 2011/11/29 v0.20 Utility functions of pdfTeX for LuaTeX (HO
)

(/usr/local/texlive/2014/texmf-dist/tex/generic/oberdiek/ifluatex.sty
Package: ifluatex 2010/03/01 v1.3 Provides the ifluatex switch (HO)
Package ifluatex Info: LuaTeX not detected.
)
(/usr/local/texlive/2014/texmf-dist/tex/generic/oberdiek/ifpdf.sty
Package: ifpdf 2011/01/30 v2.3 Provides the ifpdf switch (HO)
Package ifpdf Info: pdfTeX in PDF mode is detected.
)
Package pdftexcmds Info: LuaTeX not detected.
Package pdftexcmds Info: \pdf@primitive is available.
Package pdftexcmds Info: \pdf@ifprimitive is available.
Package pdftexcmds Info: \pdfdraftmode found.
)
(/usr/local/texlive/2014/texmf-dist/tex/latex/oberdiek/epstopdf-base.sty
Package: epstopdf-base 2010/02/09 v2.5 Base part for package epstopdf

(/usr/local/texlive/2014/texmf-dist/tex/latex/oberdiek/grfext.sty
Package: grfext 2010/08/19 v1.1 Manage graphics extensions (HO)

(/usr/local/texlive/2014/texmf-dist/tex/generic/oberdiek/kvdefinekeys.sty
Package: kvdefinekeys 2011/04/07 v1.3 Define keys (HO)
))
(/usr/local/texlive/2014/texmf-dist/tex/latex/oberdiek/kvoptions.sty
Package: kvoptions 2011/06/30 v3.11 Key value format for package options (HO)

(/usr/local/texlive/2014/texmf-dist/tex/generic/oberdiek/kvsetkeys.sty
Package: kvsetkeys 2012/04/25 v1.16 Key value parser (HO)

(/usr/local/texlive/2014/texmf-dist/tex/generic/oberdiek/etexcmds.sty
Package: etexcmds 2011/02/16 v1.5 Avoid name clashes with e-TeX commands (HO)
Package etexcmds Info: Could not find \expanded.
(etexcmds)             That can mean that you are not using pdfTeX 1.50 or
(etexcmds)             that some package has redefined \expanded.
(etexcmds)             In the latter case, load this package earlier.
)))
Package grfext Info: Graphics extension search list:
(grfext)             [.png,.pdf,.jpg,.mps,.jpeg,.jbig2,.jb2,.PNG,.PDF,.JPG,.JPE
G,.JBIG2,.JB2,.eps]
(grfext)             \AppendGraphicsExtensions on input line 452.

(/usr/local/texlive/2014/texmf-dist/tex/latex/latexconfig/epstopdf-sys.cfg
File: epstopdf-sys.cfg 2010/07/13 v1.3 Configuration of (r)epstopdf for TeX Liv
e
))
LaTeX Font Info:    Try loading font information for U+msa on input line 72.

(/usr/local/texlive/2014/texmf-dist/tex/latex/amsfonts/umsa.fd
File: umsa.fd 2013/01/14 v3.01 AMS symbols A
)
LaTeX Font Info:    Try loading font information for U+msb on input line 72.

(/usr/local/texlive/2014/texmf-dist/tex/latex/amsfonts/umsb.fd
File: umsb.fd 2013/01/14 v3.01 AMS symbols B
)
LaTeX Font Info:    Try loading font information for U+rsfs on input line 72.

(/usr/local/texlive/2014/texmf-dist/tex/latex/jknapltx/ursfs.fd
File: ursfs.fd 1998/03/24 rsfs font definition file (jk)
)
Underfull \hbox (badness 10000) in paragraph at lines 91--95

 []


Underfull \hbox (badness 10000) in paragraph at lines 107--109

 []

[1

{/usr/local/texlive/2014/texmf-var/fonts/map/pdftex/updmap/pdftex.map}]
<T0.pdf, id=16, 433.62pt x 289.08pt>
File: T0.pdf Graphic file (type pdf)
 <use T0.pdf>
Package pdftex.def Info: T0.pdf used on input line 114.
(pdftex.def)             Requested size: 144.53743pt x 96.11568pt.

<periodic1.png, id=17, 1090.0725pt x 606.265pt>
File: periodic1.png Graphic file (type png)
 <use periodic1.png>
Package pdftex.def Info: periodic1.png used on input line 114.
(pdftex.def)             Requested size: 108.39821pt x 86.71744pt.

<T1.pdf, id=19, 433.62pt x 289.08pt>
File: T1.pdf Graphic file (type pdf)
 <use T1.pdf>
Package pdftex.def Info: T1.pdf used on input line 116.
(pdftex.def)             Requested size: 144.53743pt x 96.11568pt.

<periodic2.png, id=20, 1051.93pt x 584.1825pt>
File: periodic2.png Graphic file (type png)
 <use periodic2.png>
Package pdftex.def Info: periodic2.png used on input line 116.
(pdftex.def)             Requested size: 108.39333pt x 79.49411pt.

<T2.pdf, id=21, 433.62pt x 289.08pt>
File: T2.pdf Graphic file (type pdf)
 <use T2.pdf>
Package pdftex.def Info: T2.pdf used on input line 118.
(pdftex.def)             Requested size: 144.53743pt x 96.11568pt.

<periodic3.png, id=22, 1053.9375pt x 582.175pt>
File: periodic3.png Graphic file (type png)
 <use periodic3.png>
Package pdftex.def Info: periodic3.png used on input line 118.
(pdftex.def)             Requested size: 108.39113pt x 86.71841pt.

<T3.pdf, id=23, 433.62pt x 289.08pt>
File: T3.pdf Graphic file (type pdf)
 <use T3.pdf>
Package pdftex.def Info: T3.pdf used on input line 120.
(pdftex.def)             Requested size: 144.53743pt x 96.11568pt.

<periodic4.png, id=24, 1027.84pt x 572.1375pt>
File: periodic4.png Graphic file (type png)
 <use periodic4.png>
Package pdftex.def Info: periodic4.png used on input line 120.
(pdftex.def)             Requested size: 108.40472pt x 86.71611pt.

<T4.pdf, id=25, 433.62pt x 289.08pt>
File: T4.pdf Graphic file (type pdf)
 <use T4.pdf>
Package pdftex.def Info: T4.pdf used on input line 122.
(pdftex.def)             Requested size: 144.53743pt x 96.11568pt.

<periodic5.png, id=26, 1024.82875pt x 563.10374pt>
File: periodic5.png Graphic file (type png)
 <use periodic5.png>
Package pdftex.def Info: periodic5.png used on input line 122.
(pdftex.def)             Requested size: 108.39989pt x 86.72168pt.

<time0.pdf, id=27, 433.62pt x 289.08pt>
File: time0.pdf Graphic file (type pdf)
 <use time0.pdf>
Package pdftex.def Info: time0.pdf used on input line 130.
(pdftex.def)             Requested size: 144.53743pt x 96.11568pt.
File: periodic1.png Graphic file (type png)
 <use periodic1.png>
Package pdftex.def Info: periodic1.png used on input line 130.
(pdftex.def)             Requested size: 108.39821pt x 86.71744pt.

<time1.pdf, id=28, 433.62pt x 289.08pt>
File: time1.pdf Graphic file (type pdf)
 <use time1.pdf>
Package pdftex.def Info: time1.pdf used on input line 132.
(pdftex.def)             Requested size: 144.53743pt x 96.11568pt.

<periodic21.png, id=29, 1115.16624pt x 602.25pt>
File: periodic21.png Graphic file (type png)
 <use periodic21.png>
Package pdftex.def Info: periodic21.png used on input line 132.
(pdftex.def)             Requested size: 108.3922pt x 79.48988pt.

<time2.pdf, id=30, 433.62pt x 289.08pt>
File: time2.pdf Graphic file (type pdf)
 <use time2.pdf>
Package pdftex.def Info: time2.pdf used on input line 134.
(pdftex.def)             Requested size: 144.53743pt x 96.11568pt.

<periodic22.png, id=31, 1098.1025pt x 603.25375pt>
File: periodic22.png Graphic file (type png)
 <use periodic22.png>
Package pdftex.def Info: periodic22.png used on input line 134.
(pdftex.def)             Requested size: 108.39244pt x 86.71935pt.

<time3.pdf, id=32, 433.62pt x 289.08pt>
File: time3.pdf Graphic file (type pdf)
 <use time3.pdf>
Package pdftex.def Info: time3.pdf used on input line 136.
(pdftex.def)             Requested size: 144.53743pt x 96.11568pt.

<periodic23.png, id=33, 1089.06876pt x 607.26875pt>
File: periodic23.png Graphic file (type png)
 <use periodic23.png>
Package pdftex.def Info: periodic23.png used on input line 136.
(pdftex.def)             Requested size: 108.3981pt x 86.72202pt.

<time4.pdf, id=34, 433.62pt x 289.08pt>
File: time4.pdf Graphic file (type pdf)
 <use time4.pdf>
Package pdftex.def Info: time4.pdf used on input line 138.
(pdftex.def)             Requested size: 144.53743pt x 96.11568pt.

<periodic24.png, id=35, 1091.07625pt x 599.23875pt>
File: periodic24.png Graphic file (type png)
 <use periodic24.png>
Package pdftex.def Info: periodic24.png used on input line 138.
(pdftex.def)             Requested size: 108.39813pt x 86.71823pt.

<closeuptime1.pdf, id=36, 433.62pt x 289.08pt>
File: closeuptime1.pdf Graphic file (type pdf)
 <use closeuptime1.pdf>
Package pdftex.def Info: closeuptime1.pdf used on input line 147.
(pdftex.def)             Requested size: 144.53743pt x 96.11568pt.

<periodiccloseup.png, id=37, 733.74126pt x 744.7825pt>
File: periodiccloseup.png Graphic file (type png)

<use periodiccloseup.png>
Package pdftex.def Info: periodiccloseup.png used on input line 147.
(pdftex.def)             Requested size: 108.39943pt x 79.49432pt.
 <delta005time1.pdf, id=38, 433.62pt x 289.08pt>
File: delta005time1.pdf Graphic file (type pdf)

<use delta005time1.pdf>
Package pdftex.def Info: delta005time1.pdf used on input line 149.
(pdftex.def)             Requested size: 144.53743pt x 96.11568pt.
 <periodiccloseup2.png, id=39, 1102.1175pt x 333.245pt>
File: periodiccloseup2.png Graphic file (type png)

<use periodiccloseup2.png>
Package pdftex.def Info: periodiccloseup2.png used on input line 149.
(pdftex.def)             Requested size: 108.40198pt x 57.81534pt.
 <Trefftz0.pdf, id=40, 433.62pt x 289.08pt>
File: Trefftz0.pdf Graphic file (type pdf)

<use Trefftz0.pdf>
Package pdftex.def Info: Trefftz0.pdf used on input line 156.
(pdftex.def)             Requested size: 144.53743pt x 96.11568pt.
 <Tref0.png, id=41, 1444.39626pt x 141.52875pt>
File: Tref0.png Graphic file (type png)

<use Tref0.png>
Package pdftex.def Info: Tref0.png used on input line 156.
(pdftex.def)             Requested size: 180.65929pt x 28.9056pt.
 <Trefftz01.pdf, id=42, 433.62pt x 289.08pt>
File: Trefftz01.pdf Graphic file (type pdf)

<use Trefftz01.pdf>
Package pdftex.def Info: Trefftz01.pdf used on input line 158.
(pdftex.def)             Requested size: 144.53743pt x 96.11568pt.
 <Tref1.png, id=43, 1444.39626pt x 137.51375pt>
File: Tref1.png Graphic file (type png)

<use Tref1.png>
Package pdftex.def Info: Tref1.png used on input line 158.
(pdftex.def)             Requested size: 180.65929pt x 28.906pt.
 <Trefftz025.pdf, id=44, 433.62pt x 289.08pt>
File: Trefftz025.pdf Graphic file (type pdf)

<use Trefftz025.pdf>
Package pdftex.def Info: Trefftz025.pdf used on input line 160.
(pdftex.def)             Requested size: 144.53743pt x 96.11568pt.
 <Tref2.png, id=45, 1444.39626pt x 178.6675pt>
File: Tref2.png Graphic file (type png)

<use Tref2.png>
Package pdftex.def Info: Tref2.png used on input line 160.
(pdftex.def)             Requested size: 180.65929pt x 32.52135pt.
 <Trefftz05.pdf, id=46, 433.62pt x 289.08pt>
File: Trefftz05.pdf Graphic file (type pdf)

<use Trefftz05.pdf>
Package pdftex.def Info: Trefftz05.pdf used on input line 162.
(pdftex.def)             Requested size: 144.53743pt x 96.11568pt.
 <Tref3.png, id=47, 1443.3925pt x 206.7725pt>
File: Tref3.png Graphic file (type png)

<use Tref3.png>
Package pdftex.def Info: Tref3.png used on input line 162.
(pdftex.def)             Requested size: 180.66588pt x 36.13524pt.
 <Trefftz10.pdf, id=48, 433.62pt x 289.08pt>
File: Trefftz10.pdf Graphic file (type pdf)

<use Trefftz10.pdf>
Package pdftex.def Info: Trefftz10.pdf used on input line 164.
(pdftex.def)             Requested size: 144.53743pt x 96.11568pt.
 <Tref4.png, id=49, 429.605pt x 81.30376pt>
File: Tref4.png Graphic file (type png)
 <use Tref4.png>
Package pdftex.def Info: Tref4.png used on input line 164.
(pdftex.def)             Requested size: 180.6754pt x 50.59016pt.

<Fuselage01.pdf, id=50, 433.62pt x 289.08pt>
File: Fuselage01.pdf Graphic file (type pdf)
 <use Fuselage01.pdf>
Package pdftex.def Info: Fuselage01.pdf used on input line 171.
(pdftex.def)             Requested size: 144.53743pt x 96.11568pt.

<fuse1.png, id=51, 1193.45876pt x 210.7875pt>
File: fuse1.png Graphic file (type png)
 <use fuse1.png>
Package pdftex.def Info: fuse1.png used on input line 171.
(pdftex.def)             Requested size: 144.53825pt x 36.13252pt.

<Fuselage03.pdf, id=52, 433.62pt x 289.08pt>
File: Fuselage03.pdf Graphic file (type pdf)
 <use Fuselage03.pdf>
Package pdftex.def Info: Fuselage03.pdf used on input line 173.
(pdftex.def)             Requested size: 144.53743pt x 96.11568pt.

<fuse2.png, id=53, 1201.48875pt x 307.1475pt>
File: fuse2.png Graphic file (type png)
 <use fuse2.png>
Package pdftex.def Info: fuse2.png used on input line 173.
(pdftex.def)             Requested size: 144.5391pt x 50.58809pt.

<Fuselage05.pdf, id=54, 433.62pt x 289.08pt>
File: Fuselage05.pdf Graphic file (type pdf)
 <use Fuselage05.pdf>
Package pdftex.def Info: Fuselage05.pdf used on input line 175.
(pdftex.def)             Requested size: 144.53743pt x 96.11568pt.

<fuse3.png, id=55, 1292.83pt x 448.67625pt>
File: fuse3.png Graphic file (type png)
 <use fuse3.png>
Package pdftex.def Info: fuse3.png used on input line 175.
(pdftex.def)             Requested size: 144.53952pt x 72.26889pt.
 [2]
Overfull \vbox (7.73332pt too high) has occurred while \output is active []


[3 <./T0.pdf> <./periodic1.png> <./T1.pdf

pdfTeX warning: /usr/texbin/pdflatex (file ./T1.pdf): PDF inclusion: multiple p
dfs with page group included in a single page
> <./periodic2.png> <./T2.pdf

pdfTeX warning: /usr/texbin/pdflatex (file ./T2.pdf): PDF inclusion: multiple p
dfs with page group included in a single page
> <./periodic3.png> <./T3.pdf

pdfTeX warning: /usr/texbin/pdflatex (file ./T3.pdf): PDF inclusion: multiple p
dfs with page group included in a single page
> <./periodic4.png> <./T4.pdf

pdfTeX warning: /usr/texbin/pdflatex (file ./T4.pdf): PDF inclusion: multiple p
dfs with page group included in a single page
> <./periodic5.png>]
Overfull \vbox (7.73332pt too high) has occurred while \output is active []


[4 <./time0.pdf> <./time1.pdf

pdfTeX warning: /usr/texbin/pdflatex (file ./time1.pdf): PDF inclusion: multipl
e pdfs with page group included in a single page
> <./periodic21.png> <./time2.pdf

pdfTeX warning: /usr/texbin/pdflatex (file ./time2.pdf): PDF inclusion: multipl
e pdfs with page group included in a single page
> <./periodic22.png> <./time3.pdf

pdfTeX warning: /usr/texbin/pdflatex (file ./time3.pdf): PDF inclusion: multipl
e pdfs with page group included in a single page
> <./periodic23.png> <./time4.pdf

pdfTeX warning: /usr/texbin/pdflatex (file ./time4.pdf): PDF inclusion: multipl
e pdfs with page group included in a single page
> <./periodic24.png>]
Overfull \vbox (7.73332pt too high) has occurred while \output is active []


[5 <./closeuptime1.pdf> <./periodiccloseup.png> <./delta005time1.pdf

pdfTeX warning: /usr/texbin/pdflatex (file ./delta005time1.pdf): PDF inclusion:
 multiple pdfs with page group included in a single page
> <./periodiccloseup2.png>]
Overfull \vbox (7.73332pt too high) has occurred while \output is active []


[6 <./Trefftz0.pdf> <./Tref0.png> <./Trefftz01.pdf

pdfTeX warning: /usr/texbin/pdflatex (file ./Trefftz01.pdf): PDF inclusion: mul
tiple pdfs with page group included in a single page
> <./Tref1.png> <./Trefftz025.pdf

pdfTeX warning: /usr/texbin/pdflatex (file ./Trefftz025.pdf): PDF inclusion: mu
ltiple pdfs with page group included in a single page
> <./Tref2.png> <./Trefftz05.pdf

pdfTeX warning: /usr/texbin/pdflatex (file ./Trefftz05.pdf): PDF inclusion: mul
tiple pdfs with page group included in a single page
> <./Tref3.png> <./Trefftz10.pdf

pdfTeX warning: /usr/texbin/pdflatex (file ./Trefftz10.pdf): PDF inclusion: mul
tiple pdfs with page group included in a single page
> <./Tref4.png>]
Overfull \vbox (7.73332pt too high) has occurred while \output is active []


[7 <./Fuselage01.pdf> <./fuse1.png> <./Fuselage03.pdf

pdfTeX warning: /usr/texbin/pdflatex (file ./Fuselage03.pdf): PDF inclusion: mu
ltiple pdfs with page group included in a single page
> <./fuse2.png> <./Fuselage05.pdf

pdfTeX warning: /usr/texbin/pdflatex (file ./Fuselage05.pdf): PDF inclusion: mu
ltiple pdfs with page group included in a single page
> <./fuse3.png>] (./Computation of Vortex Sheet .aux)

LaTeX Warning: There were multiply-defined labels.

 ) 
Here is how much of TeX's memory you used:
 2728 strings out of 493117
 36952 string characters out of 6135433
 96954 words of memory out of 5000000
 6098 multiletter control sequences out of 15000+600000
 15900 words of font info for 62 fonts, out of 8000000 for 9000
 1141 hyphenation exceptions out of 8191
 38i,12n,26p,575b,288s stack positions out of 5000i,500n,10000p,200000b,80000s
</usr/local/texlive/2014/texmf-dist/fonts/type1/public/amsfonts/cm/cmbx12.pfb
></usr/local/texlive/2014/texmf-dist/fonts/type1/public/amsfonts/cm/cmex10.pfb>
</usr/local/texlive/2014/texmf-dist/fonts/type1/public/amsfonts/cm/cmmi12.pfb><
/usr/local/texlive/2014/texmf-dist/fonts/type1/public/amsfonts/cm/cmmi8.pfb></u
sr/local/texlive/2014/texmf-dist/fonts/type1/public/amsfonts/cm/cmmib10.pfb></u
sr/local/texlive/2014/texmf-dist/fonts/type1/public/amsfonts/cm/cmr12.pfb></usr
/local/texlive/2014/texmf-dist/fonts/type1/public/amsfonts/cm/cmr17.pfb></usr/l
ocal/texlive/2014/texmf-dist/fonts/type1/public/amsfonts/cm/cmr8.pfb></usr/loca
l/texlive/2014/texmf-dist/fonts/type1/public/amsfonts/cm/cmsy10.pfb></usr/local
/texlive/2014/texmf-dist/fonts/type1/public/amsfonts/cm/cmsy8.pfb>
Output written on "Computation of Vortex Sheet .pdf" (7 pages, 1946439 bytes).
PDF statistics:
 492 PDF objects out of 1000 (max. 8388607)
 154 compressed objects within 2 object streams
 0 named destinations out of 1000 (max. 500000)
 196 words of extra memory for PDF output out of 10000 (max. 10000000)

