This is pdfTeX, Version 3.14159265-2.6-1.40.15 (TeX Live 2014) (preloaded format=pdflatex 2014.5.25)  13 JUL 2015 23:28
entering extended mode
 restricted \write18 enabled.
 %&-line parsing enabled.
**SHALLOWWATERTRUNCATED.tex
(./SHALLOWWATERTRUNCATED.tex
LaTeX2e <2014/05/01>
Babel <3.9k> and hyphenation patterns for 78 languages loaded.
(/usr/local/texlive/2014/texmf-dist/tex/latex/base/article.cls
Document Class: article 2007/10/19 v1.4h Standard LaTeX document class
(/usr/local/texlive/2014/texmf-dist/tex/latex/base/size12.clo
File: size12.clo 2007/10/19 v1.4h Standard LaTeX file (size option)
)
\c@part=\count79
\c@section=\count80
\c@subsection=\count81
\c@subsubsection=\count82
\c@paragraph=\count83
\c@subparagraph=\count84
\c@figure=\count85
\c@table=\count86
\abovecaptionskip=\skip41
\belowcaptionskip=\skip42
\bibindent=\dimen102
)
(/usr/local/texlive/2014/texmf-dist/tex/latex/graphics/graphicx.sty
Package: graphicx 2014/04/25 v1.0g Enhanced LaTeX Graphics (DPC,SPQR)

(/usr/local/texlive/2014/texmf-dist/tex/latex/graphics/keyval.sty
Package: keyval 2014/05/08 v1.15 key=value parser (DPC)
\KV@toks@=\toks14
)
(/usr/local/texlive/2014/texmf-dist/tex/latex/graphics/graphics.sty
Package: graphics 2009/02/05 v1.0o Standard LaTeX Graphics (DPC,SPQR)

(/usr/local/texlive/2014/texmf-dist/tex/latex/graphics/trig.sty
Package: trig 1999/03/16 v1.09 sin cos tan (DPC)
)
(/usr/local/texlive/2014/texmf-dist/tex/latex/latexconfig/graphics.cfg
File: graphics.cfg 2010/04/23 v1.9 graphics configuration of TeX Live
)
Package graphics Info: Driver file: pdftex.def on input line 91.

(/usr/local/texlive/2014/texmf-dist/tex/latex/pdftex-def/pdftex.def
File: pdftex.def 2011/05/27 v0.06d Graphics/color for pdfTeX

(/usr/local/texlive/2014/texmf-dist/tex/generic/oberdiek/infwarerr.sty
Package: infwarerr 2010/04/08 v1.3 Providing info/warning/error messages (HO)
)
(/usr/local/texlive/2014/texmf-dist/tex/generic/oberdiek/ltxcmds.sty
Package: ltxcmds 2011/11/09 v1.22 LaTeX kernel commands for general use (HO)
)
\Gread@gobject=\count87
))
\Gin@req@height=\dimen103
\Gin@req@width=\dimen104
)
(/usr/local/texlive/2014/texmf-dist/tex/latex/amsmath/amsmath.sty
Package: amsmath 2013/01/14 v2.14 AMS math features
\@mathmargin=\skip43

For additional information on amsmath, use the `?' option.
(/usr/local/texlive/2014/texmf-dist/tex/latex/amsmath/amstext.sty
Package: amstext 2000/06/29 v2.01

(/usr/local/texlive/2014/texmf-dist/tex/latex/amsmath/amsgen.sty
File: amsgen.sty 1999/11/30 v2.0
\@emptytoks=\toks15
\ex@=\dimen105
))
(/usr/local/texlive/2014/texmf-dist/tex/latex/amsmath/amsbsy.sty
Package: amsbsy 1999/11/29 v1.2d
\pmbraise@=\dimen106
)
(/usr/local/texlive/2014/texmf-dist/tex/latex/amsmath/amsopn.sty
Package: amsopn 1999/12/14 v2.01 operator names
)
\inf@bad=\count88
LaTeX Info: Redefining \frac on input line 210.
\uproot@=\count89
\leftroot@=\count90
LaTeX Info: Redefining \overline on input line 306.
\classnum@=\count91
\DOTSCASE@=\count92
LaTeX Info: Redefining \ldots on input line 378.
LaTeX Info: Redefining \dots on input line 381.
LaTeX Info: Redefining \cdots on input line 466.
\Mathstrutbox@=\box26
\strutbox@=\box27
\big@size=\dimen107
LaTeX Font Info:    Redeclaring font encoding OML on input line 566.
LaTeX Font Info:    Redeclaring font encoding OMS on input line 567.
\macc@depth=\count93
\c@MaxMatrixCols=\count94
\dotsspace@=\muskip10
\c@parentequation=\count95
\dspbrk@lvl=\count96
\tag@help=\toks16
\row@=\count97
\column@=\count98
\maxfields@=\count99
\andhelp@=\toks17
\eqnshift@=\dimen108
\alignsep@=\dimen109
\tagshift@=\dimen110
\tagwidth@=\dimen111
\totwidth@=\dimen112
\lineht@=\dimen113
\@envbody=\toks18
\multlinegap=\skip44
\multlinetaggap=\skip45
\mathdisplay@stack=\toks19
LaTeX Info: Redefining \[ on input line 2665.
LaTeX Info: Redefining \] on input line 2666.
)
(/usr/local/texlive/2014/texmf-dist/tex/latex/amsfonts/amssymb.sty
Package: amssymb 2013/01/14 v3.01 AMS font symbols

(/usr/local/texlive/2014/texmf-dist/tex/latex/amsfonts/amsfonts.sty
Package: amsfonts 2013/01/14 v3.01 Basic AMSFonts support
\symAMSa=\mathgroup4
\symAMSb=\mathgroup5
LaTeX Font Info:    Overwriting math alphabet `\mathfrak' in version `bold'
(Font)                  U/euf/m/n --> U/euf/b/n on input line 106.
))
(/usr/local/texlive/2014/texmf-dist/tex/latex/sttools/floatpag.sty
Package: floatpag 2012/05/29 v1.1 Different pagestyles on float pages
Package: floatpag 1999/04/29 FLOAT PAGESTYLE
)
(/usr/local/texlive/2014/texmf-dist/tex/latex/subeqnarray/subeqnarray.sty
Package: subeqnarray 2004/04/15 v2.1c subeqnarray package
\c@subequation=\count100
)
(/usr/local/texlive/2014/texmf-dist/tex/latex/jknapltx/mathrsfs.sty
Package: mathrsfs 1996/01/01 Math RSFS package v1.0 (jk)
\symrsfs=\mathgroup6
)
(/usr/local/texlive/2014/texmf-dist/tex/latex/cancel/cancel.sty
Package: cancel 2013/04/12 v2.2 Cancel math terms
)
(./SHALLOWWATERTRUNCATED.aux)
\openout1 = `SHALLOWWATERTRUNCATED.aux'.

LaTeX Font Info:    Checking defaults for OML/cmm/m/it on input line 65.
LaTeX Font Info:    ... okay on input line 65.
LaTeX Font Info:    Checking defaults for T1/cmr/m/n on input line 65.
LaTeX Font Info:    ... okay on input line 65.
LaTeX Font Info:    Checking defaults for OT1/cmr/m/n on input line 65.
LaTeX Font Info:    ... okay on input line 65.
LaTeX Font Info:    Checking defaults for OMS/cmsy/m/n on input line 65.
LaTeX Font Info:    ... okay on input line 65.
LaTeX Font Info:    Checking defaults for OMX/cmex/m/n on input line 65.
LaTeX Font Info:    ... okay on input line 65.
LaTeX Font Info:    Checking defaults for U/cmr/m/n on input line 65.
LaTeX Font Info:    ... okay on input line 65.

(/usr/local/texlive/2014/texmf-dist/tex/context/base/supp-pdf.mkii
[Loading MPS to PDF converter (version 2006.09.02).]
\scratchcounter=\count101
\scratchdimen=\dimen114
\scratchbox=\box28
\nofMPsegments=\count102
\nofMParguments=\count103
\everyMPshowfont=\toks20
\MPscratchCnt=\count104
\MPscratchDim=\dimen115
\MPnumerator=\count105
\makeMPintoPDFobject=\count106
\everyMPtoPDFconversion=\toks21
) (/usr/local/texlive/2014/texmf-dist/tex/generic/oberdiek/pdftexcmds.sty
Package: pdftexcmds 2011/11/29 v0.20 Utility functions of pdfTeX for LuaTeX (HO
)

(/usr/local/texlive/2014/texmf-dist/tex/generic/oberdiek/ifluatex.sty
Package: ifluatex 2010/03/01 v1.3 Provides the ifluatex switch (HO)
Package ifluatex Info: LuaTeX not detected.
)
(/usr/local/texlive/2014/texmf-dist/tex/generic/oberdiek/ifpdf.sty
Package: ifpdf 2011/01/30 v2.3 Provides the ifpdf switch (HO)
Package ifpdf Info: pdfTeX in PDF mode is detected.
)
Package pdftexcmds Info: LuaTeX not detected.
Package pdftexcmds Info: \pdf@primitive is available.
Package pdftexcmds Info: \pdf@ifprimitive is available.
Package pdftexcmds Info: \pdfdraftmode found.
)
(/usr/local/texlive/2014/texmf-dist/tex/latex/oberdiek/epstopdf-base.sty
Package: epstopdf-base 2010/02/09 v2.5 Base part for package epstopdf

(/usr/local/texlive/2014/texmf-dist/tex/latex/oberdiek/grfext.sty
Package: grfext 2010/08/19 v1.1 Manage graphics extensions (HO)

(/usr/local/texlive/2014/texmf-dist/tex/generic/oberdiek/kvdefinekeys.sty
Package: kvdefinekeys 2011/04/07 v1.3 Define keys (HO)
))
(/usr/local/texlive/2014/texmf-dist/tex/latex/oberdiek/kvoptions.sty
Package: kvoptions 2011/06/30 v3.11 Key value format for package options (HO)

(/usr/local/texlive/2014/texmf-dist/tex/generic/oberdiek/kvsetkeys.sty
Package: kvsetkeys 2012/04/25 v1.16 Key value parser (HO)

(/usr/local/texlive/2014/texmf-dist/tex/generic/oberdiek/etexcmds.sty
Package: etexcmds 2011/02/16 v1.5 Avoid name clashes with e-TeX commands (HO)
Package etexcmds Info: Could not find \expanded.
(etexcmds)             That can mean that you are not using pdfTeX 1.50 or
(etexcmds)             that some package has redefined \expanded.
(etexcmds)             In the latter case, load this package earlier.
)))
Package grfext Info: Graphics extension search list:
(grfext)             [.png,.pdf,.jpg,.mps,.jpeg,.jbig2,.jb2,.PNG,.PDF,.JPG,.JPE
G,.JBIG2,.JB2,.eps]
(grfext)             \AppendGraphicsExtensions on input line 452.

(/usr/local/texlive/2014/texmf-dist/tex/latex/latexconfig/epstopdf-sys.cfg
File: epstopdf-sys.cfg 2010/07/13 v1.3 Configuration of (r)epstopdf for TeX Liv
e
))
LaTeX Font Info:    Try loading font information for U+msa on input line 72.

(/usr/local/texlive/2014/texmf-dist/tex/latex/amsfonts/umsa.fd
File: umsa.fd 2013/01/14 v3.01 AMS symbols A
)
LaTeX Font Info:    Try loading font information for U+msb on input line 72.

(/usr/local/texlive/2014/texmf-dist/tex/latex/amsfonts/umsb.fd
File: umsb.fd 2013/01/14 v3.01 AMS symbols B
)
LaTeX Font Info:    Try loading font information for U+rsfs on input line 72.

(/usr/local/texlive/2014/texmf-dist/tex/latex/jknapltx/ursfs.fd
File: ursfs.fd 1998/03/24 rsfs font definition file (jk)
)
<qa_nowave.pdf, id=1, 433.62pt x 289.08pt>
File: qa_nowave.pdf Graphic file (type pdf)
 <use qa_nowave.pdf>
Package pdftex.def Info: qa_nowave.pdf used on input line 97.
(pdftex.def)             Requested size: 231.26651pt x 180.67455pt.

Overfull \hbox (19.8782pt too wide) in paragraph at lines 97--98
[][] 
 []

<qb_nowave.pdf, id=2, 433.62pt x 289.08pt>
File: qb_nowave.pdf Graphic file (type pdf)
 <use qb_nowave.pdf>
Package pdftex.def Info: qb_nowave.pdf used on input line 99.
(pdftex.def)             Requested size: 231.26651pt x 180.67455pt.

Overfull \hbox (19.8782pt too wide) in paragraph at lines 99--100
[][] 
 []

<qg_nowave.pdf, id=3, 433.62pt x 289.08pt>
File: qg_nowave.pdf Graphic file (type pdf)
 <use qg_nowave.pdf>
Package pdftex.def Info: qg_nowave.pdf used on input line 101.
(pdftex.def)             Requested size: 231.26651pt x 180.67455pt.

Overfull \hbox (19.8782pt too wide) in paragraph at lines 101--102
[][] 
 []


Underfull \hbox (badness 3375) in paragraph at lines 104--104
[]\OT1/cmr/m/n/12 Figure 4: $\OML/cmm/m/it/12 ^^O \OT1/cmr/m/n/12 = 0\OML/cmm/m
/it/12 :\OT1/cmr/m/n/12 05\OML/cmm/m/it/12 ;  t \OT1/cmr/m/n/12 = 100$,
 []

<qa_wave.pdf, id=4, 433.62pt x 289.08pt>
File: qa_wave.pdf Graphic file (type pdf)
 <use qa_wave.pdf>
Package pdftex.def Info: qa_wave.pdf used on input line 108.
(pdftex.def)             Requested size: 231.26651pt x 180.67455pt.

Overfull \hbox (19.8782pt too wide) in paragraph at lines 108--109
[][] 
 []

<qb_wave.pdf, id=5, 433.62pt x 289.08pt>
File: qb_wave.pdf Graphic file (type pdf)
 <use qb_wave.pdf>
Package pdftex.def Info: qb_wave.pdf used on input line 111.
(pdftex.def)             Requested size: 231.26651pt x 180.67455pt.

Overfull \hbox (19.8782pt too wide) in paragraph at lines 111--112
[][] 
 []

<qg_wave.pdf, id=6, 433.62pt x 289.08pt>
File: qg_wave.pdf Graphic file (type pdf)
 <use qg_wave.pdf>
Package pdftex.def Info: qg_wave.pdf used on input line 114.
(pdftex.def)             Requested size: 231.26651pt x 180.67455pt.

Overfull \hbox (19.8782pt too wide) in paragraph at lines 114--115
[][] 
 []


Underfull \hbox (badness 3375) in paragraph at lines 117--117
[]\OT1/cmr/m/n/12 Figure 8: $\OML/cmm/m/it/12 ^^O \OT1/cmr/m/n/12 = 0\OML/cmm/m
/it/12 :\OT1/cmr/m/n/12 05\OML/cmm/m/it/12 ;  t \OT1/cmr/m/n/12 = 100$,
 []


LaTeX Warning: Float too large for page by 11.7825pt on input line 121.

[1

{/usr/local/texlive/2014/texmf-var/fonts/map/pdftex/updmap/pdftex.map}]
Overfull \vbox (7.73332pt too high) has occurred while \output is active []


[2 <./qa_nowave.pdf> <./qb_nowave.pdf

pdfTeX warning: /usr/texbin/pdflatex (file ./qb_nowave.pdf): PDF inclusion: mul
tiple pdfs with page group included in a single page
> <./qg_nowave.pdf

pdfTeX warning: /usr/texbin/pdflatex (file ./qg_nowave.pdf): PDF inclusion: mul
tiple pdfs with page group included in a single page
> <./qa_wave.pdf

pdfTeX warning: /usr/texbin/pdflatex (file ./qa_wave.pdf): PDF inclusion: multi
ple pdfs with page group included in a single page
> <./qb_wave.pdf

pdfTeX warning: /usr/texbin/pdflatex (file ./qb_wave.pdf): PDF inclusion: multi
ple pdfs with page group included in a single page
> <./qg_wave.pdf

pdfTeX warning: /usr/texbin/pdflatex (file ./qg_wave.pdf): PDF inclusion: multi
ple pdfs with page group included in a single page
>] <qg_e01.pdf, id=174, 433.62pt x 289.08pt>
File: qg_e01.pdf Graphic file (type pdf)
 <use qg_e01.pdf>
Package pdftex.def Info: qg_e01.pdf used on input line 129.
(pdftex.def)             Requested size: 578.22916pt x 252.94437pt.

Overfull \hbox (108.47417pt too wide) in paragraph at lines 129--130
[][] 
 []

<TimeAverage_e01.pdf, id=175, 433.62pt x 289.08pt>
File: TimeAverage_e01.pdf Graphic file (type pdf)
 <use TimeAverage_e01.pdf>
Package pdftex.def Info: TimeAverage_e01.pdf used on input line 131.
(pdftex.def)             Requested size: 578.22916pt x 252.94437pt.

Overfull \hbox (108.47417pt too wide) in paragraph at lines 131--132
[][] 
 []

[3

]
Overfull \vbox (7.73332pt too high) has occurred while \output is active []


[4 <./qg_e01.pdf> <./TimeAverage_e01.pdf

pdfTeX warning: /usr/texbin/pdflatex (file ./TimeAverage_e01.pdf): PDF inclusio
n: multiple pdfs with page group included in a single page
>] (./SHALLOWWATERTRUNCATED.aux) ) 
Here is how much of TeX's memory you used:
 2547 strings out of 493117
 34305 string characters out of 6135433
 95877 words of memory out of 5000000
 5957 multiletter control sequences out of 15000+600000
 12525 words of font info for 51 fonts, out of 8000000 for 9000
 1141 hyphenation exceptions out of 8191
 38i,8n,26p,268b,288s stack positions out of 5000i,500n,10000p,200000b,80000s
</usr/local/texlive/2014/texmf-dist/fonts/typ
e1/public/amsfonts/cm/cmex10.pfb></usr/local/texlive/2014/texmf-dist/fonts/type
1/public/amsfonts/cm/cmmi12.pfb></usr/local/texlive/2014/texmf-dist/fonts/type1
/public/amsfonts/cm/cmmi6.pfb></usr/local/texlive/2014/texmf-dist/fonts/type1/p
ublic/amsfonts/cm/cmmi8.pfb></usr/local/texlive/2014/texmf-dist/fonts/type1/pub
lic/amsfonts/cm/cmr12.pfb></usr/local/texlive/2014/texmf-dist/fonts/type1/publi
c/amsfonts/cm/cmr17.pfb></usr/local/texlive/2014/texmf-dist/fonts/type1/public/
amsfonts/cm/cmr6.pfb></usr/local/texlive/2014/texmf-dist/fonts/type1/public/ams
fonts/cm/cmr8.pfb></usr/local/texlive/2014/texmf-dist/fonts/type1/public/amsfon
ts/cm/cmsy10.pfb>
Output written on SHALLOWWATERTRUNCATED.pdf (4 pages, 204748 bytes).
PDF statistics:
 288 PDF objects out of 1000 (max. 8388607)
 127 compressed objects within 2 object streams
 0 named destinations out of 1000 (max. 500000)
 41 words of extra memory for PDF output out of 10000 (max. 10000000)

